<?xml version="1.0" encoding="UTF-8" ?>
<testsuite tests="1" failures="1" name="runner.LoginRunner" time="57.25" errors="0" skipped="0">
  <properties>
[...]
</properties>
  <testcase classname="Login" name="Login With Incorrect username and password" time="57.25">
    <failure message="
Expecting:
 &lt;&quot;Marcos&quot;&gt;
to contain:
 &lt;&quot;Henrique&quot;&gt; " type="java.lang.AssertionError">java.lang.AssertionError: 
Expecting:
 &lt;&quot;Marcos&quot;&gt;
to contain:
 &lt;&quot;Henrique&quot;&gt; 
	at steps.Login.theSystemShouldDisplayedTheFollowingMessageMessageError(Login.java:63)
	at ✽.The system should displayed the following message a(file:src/test/java/features/Login/Login.feature:11)
</failure>
    <system-out>Feature: Login
  As a User
  I Want To Login
  At PayTrue System

  @WinAPP
  Scenario Outline: Login With Incorrect username and password &amp;#27;[90m# src/test/java/features/Login/Login.feature:7&amp;#27;[0m
    &amp;#27;[36mGiven I open the paytrue system successfully&amp;#27;[0m
    &amp;#27;[36mAnd I fill the field Username &lt;username&gt; and PassWord &lt;password&gt; with incorrect values&amp;#27;[0m
    &amp;#27;[36mWhen I Click on the button Login&amp;#27;[0m
    &amp;#27;[36mThen The system should displayed the following message &lt;messageError&gt;&amp;#27;[0m

    Examples: 

  @WinAPP
  Scenario Outline: Login With Incorrect username and password                     &amp;#27;[90m# src/test/java/features/Login/Login.feature:14&amp;#27;[0m
    &amp;#27;[32mGiven &amp;#27;[0m&amp;#27;[32mI open the paytrue system successfully&amp;#27;[0m                                   &amp;#27;[90m# Login.iOpenThePaytrueSystemSuccessfully()&amp;#27;[0m
    &amp;#27;[32mAnd &amp;#27;[0m&amp;#27;[32mI fill the field Username &amp;#27;[0m&amp;#27;[32m&amp;#27;[1mabcder&amp;#27;[0m&amp;#27;[32m and PassWord &amp;#27;[0m&amp;#27;[32m&amp;#27;[1m123456&amp;#27;[0m&amp;#27;[32m with incorrect values&amp;#27;[0m &amp;#27;[90m# Login.iFillTheFieldUsernameUsernameAndPassWordPasswordWithIncorrectValues(String,String)&amp;#27;[0m
    &amp;#27;[32mWhen &amp;#27;[0m&amp;#27;[32mI Click on the button Login&amp;#27;[0m                                               &amp;#27;[90m# Login.iClickOnTheButtonLogin()&amp;#27;[0m
    &amp;#27;[31mThen &amp;#27;[0m&amp;#27;[31mThe system should displayed the following message &amp;#27;[0m&amp;#27;[31m&amp;#27;[1ma&amp;#27;[0m                       &amp;#27;[90m# Login.theSystemShouldDisplayedTheFollowingMessageMessageError(String)&amp;#27;[0m
      &amp;#27;[31mjava.lang.AssertionError: 
Expecting:
 &lt;&quot;Marcos&quot;&gt;
to contain:
 &lt;&quot;Henrique&quot;&gt; 
	at steps.Login.theSystemShouldDisplayedTheFollowingMessageMessageError(Login.java:63)
	at ?.The system should displayed the following message a(file:src/test/java/features/Login/Login.feature:11)
&amp;#27;[0m
</system-out>
    <system-err>Nov 13, 2019 11:17:35 PM io.appium.java_client.remote.AppiumCommandExecutor$1 lambda$0
INFO: Detected dialect: OSS
</system-err>
  </testcase>
</testsuite>